Traceback (most recent call last):
  File "/usr/share/miniconda3/envs/instrument-cookbooks-dev/lib/python3.10/site-packages/jupyter_cache/executors/utils.py", line 58, in single_nb_execution
    executenb(
  File "/usr/share/miniconda3/envs/instrument-cookbooks-dev/lib/python3.10/site-packages/nbclient/client.py", line 1305, in execute
    return NotebookClient(nb=nb, resources=resources, km=km, **kwargs).execute()
  File "/usr/share/miniconda3/envs/instrument-cookbooks-dev/lib/python3.10/site-packages/jupyter_core/utils/__init__.py", line 173, in wrapped
    return loop.run_until_complete(inner)
  File "/usr/share/miniconda3/envs/instrument-cookbooks-dev/lib/python3.10/asyncio/base_events.py", line 649, in run_until_complete
    return future.result()
  File "/usr/share/miniconda3/envs/instrument-cookbooks-dev/lib/python3.10/site-packages/nbclient/client.py", line 705, in async_execute
    await self.async_execute_cell(
  File "/usr/share/miniconda3/envs/instrument-cookbooks-dev/lib/python3.10/site-packages/nbclient/client.py", line 1058, in async_execute_cell
    await self._check_raise_for_error(cell, cell_index, exec_reply)
  File "/usr/share/miniconda3/envs/instrument-cookbooks-dev/lib/python3.10/site-packages/nbclient/client.py", line 914, in _check_raise_for_error
    raise CellExecutionError.from_cell_and_msg(cell, exec_reply_content)
nbclient.exceptions.CellExecutionError: An error occurred while executing the following cell:
------------------
import sage_data_client
from bokeh.models.formatters import DatetimeTickFormatter
import hvplot.pandas
import hvplot.xarray
import holoviews as hv
import cartopy.crs as ccrs
import cartopy.feature as cfeature
import xarray as xr
import matplotlib.pyplot as plt
from metpy.plots import USCOUNTIES
import metpy.calc as mpcalc
import act
import numpy as np
import pandas as pd
import warnings
from bokeh.models import DatetimeTickFormatter
import panel as pn

start = "-6h"

def apply_formatter(plot, element):
    plot.handles['xaxis'].formatter = DatetimeTickFormatter(hours='%m/%d/%Y \n %H:%M',
                                                            minutes='%m/%d/%Y \n %H:%M',
                                                            hourmin='%m/%d/%Y \n %H:%M',
                                                            days='%m/%d/%Y \n %H:%M',
                                                            months='%m/%d/%Y \n %H:%M')
xr.set_options(keep_attrs=True)
warnings.filterwarnings("ignore")
hv.extension("bokeh")



# Dictionary for renaming to standard names
variable_rename_dict = {'wxt.env.humidity':'relative_humidity',
                        'wxt.env.pressure':'air_pressure',
                        'wxt.env.temp':'air_temperature',
                        'wxt.heater.temp':'heater_temperature',
                        'wxt.heater.volt':'heater_voltage',
                        'wxt.rain.accumulation':'rain_accumulation',
                        'wxt.wind.direction':'wind_direction',
                        'wxt.wind.speed':'wind_speed',
                        'sys.gps.lat':'latitude',
                        'sys.gps.lon':'longitude',
                    }

# Dictionary for units that are missing
units_dict = {'wxt.env.temp': 'degC',
              'wxt.env.pressure':'hPa',
              'wxt.env.humidity':'percent',
              'wxt.wind.speed':'m/s',
              'wxt.wind.direction':'degrees'}

def generate_data_array(df, variable, rename_variable_dict=variable_rename_dict):
    new_variable_name = rename_variable_dict[variable]
    df_variable= df.loc[df.name == variable]
    ds = df_variable.to_xarray().rename({'value':new_variable_name,
                                         'timestamp':'time',
                                         'meta.vsn':'node'})
    ds[new_variable_name].attrs['units'] = df_variable['meta.units'].values[0]
    ds['time'] = pd.to_datetime(ds.time)
    ds.attrs['datastream'] = ds.node.values[0]
    return ds[[new_variable_name]]

def generate_dataset(df, variables, rename_variable_dict=variable_rename_dict):
    try:
        reindexed = df.set_index(['meta.vsn', 'timestamp'])
    except:
        reindexed = df.set_index(['timestamp'])
    return xr.merge([generate_data_array(reindexed, variable) for variable in variables])


# Query and load for n numbder of days
wxt_df = sage_data_client.query(
    start=start,
    filter={
        "sensor": "vaisala-wxt536",
        "name": "wxt.env.*"
    }
)

wxt_df1 = sage_data_client.query(
    start=start,
    filter={
        "sensor": "vaisala-wxt536",
        "name": "wxt.wind.*"
    }
)

wxt_df = pd.concat([wxt_df, wxt_df1])

try:

    # Discover what variables we have and what to load into xarray
    wxt_variables = wxt_df.name.unique()
    wxt_df['meta.units'] = wxt_df.name.map(units_dict)
    wxt_ds = generate_dataset(wxt_df, wxt_variables).squeeze().metpy.parse_cf()
    wxt_ds['air_dewpoint_temperature'] = mpcalc.dewpoint_from_relative_humidity(wxt_ds.air_temperature, wxt_ds.relative_humidity)

    # Resample to 1 minute freqency
    minute_ds = wxt_ds.resample(time='1T').mean()

    plots = []
    temp_plot = wxt_ds.air_temperature.hvplot(color='red',
                                              label='Air Temperature (degC)')
    dewp_plot = wxt_ds.air_dewpoint_temperature.hvplot(color='green',
                                                       label='Dewpoint Temperature (degC)')
    plots.append((temp_plot * dewp_plot).opts(hooks=[apply_formatter]))
    
    meteogram_variables = ['wind_speed', 'wind_direction']
    for variable in meteogram_variables:
        plots.append((wxt_ds[variable].hvplot.line(label='10 Hz Data') * 
                     minute_ds[variable].hvplot.line(label='1 Minute Data')).opts(hooks=[apply_formatter]))
    
    
except:
    plots = pn.Row(title='No Data Available')




------------------


[0;31m---------------------------------------------------------------------------[0m
[0;31mTypeError[0m                                 Traceback (most recent call last)
Cell [0;32mIn[1], line 103[0m
[1;32m    102[0m plots [38;5;241m=[39m []
[0;32m--> 103[0m temp_plot [38;5;241m=[39m [43mwxt_ds[49m[38;5;241;43m.[39;49m[43mair_temperature[49m[38;5;241;43m.[39;49m[43mhvplot[49m[43m([49m[43mcolor[49m[38;5;241;43m=[39;49m[38;5;124;43m'[39;49m[38;5;124;43mred[39;49m[38;5;124;43m'[39;49m[43m,[49m
[1;32m    104[0m [43m                                          [49m[43mlabel[49m[38;5;241;43m=[39;49m[38;5;124;43m'[39;49m[38;5;124;43mAir Temperature (degC)[39;49m[38;5;124;43m'[39;49m[43m)[49m
[1;32m    105[0m dewp_plot [38;5;241m=[39m wxt_ds[38;5;241m.[39mair_dewpoint_temperature[38;5;241m.[39mhvplot(color[38;5;241m=[39m[38;5;124m'[39m[38;5;124mgreen[39m[38;5;124m'[39m,
[1;32m    106[0m                                                    label[38;5;241m=[39m[38;5;124m'[39m[38;5;124mDewpoint Temperature (degC)[39m[38;5;124m'[39m)

File [0;32m/usr/share/miniconda3/envs/instrument-cookbooks-dev/lib/python3.10/site-packages/hvplot/plotting/core.py:95[0m, in [0;36mhvPlotBase.__call__[0;34m(self, x, y, kind, **kwds)[0m
[1;32m     93[0m         [38;5;28;01mreturn[39;00m pn[38;5;241m.[39mpanel(plot, [38;5;241m*[39m[38;5;241m*[39mpanel_dict)
[0;32m---> 95[0m [38;5;28;01mreturn[39;00m [38;5;28;43mself[39;49m[38;5;241;43m.[39;49m[43m_get_converter[49m[43m([49m[43mx[49m[43m,[49m[43m [49m[43my[49m[43m,[49m[43m [49m[43mkind[49m[43m,[49m[43m [49m[38;5;241;43m*[39;49m[38;5;241;43m*[39;49m[43mkwds[49m[43m)[49m[43m([49m[43mkind[49m[43m,[49m[43m [49m[43mx[49m[43m,[49m[43m [49m[43my[49m[43m)[49m

File [0;32m/usr/share/miniconda3/envs/instrument-cookbooks-dev/lib/python3.10/site-packages/hvplot/converter.py:1275[0m, in [0;36mHoloViewsConverter.__call__[0;34m(self, kind, x, y)[0m
[1;32m   1273[0m     dataset [38;5;241m=[39m dataset[38;5;241m.[39mredim([38;5;241m*[39m[38;5;241m*[39m[38;5;28mself[39m[38;5;241m.[39m_redim)
[0;32m-> 1275[0m obj [38;5;241m=[39m [43mmethod[49m[43m([49m[43mx[49m[43m,[49m[43m [49m[43my[49m[43m)[49m
[1;32m   1276[0m obj[38;5;241m.[39m_dataset [38;5;241m=[39m dataset

File [0;32m/usr/share/miniconda3/envs/instrument-cookbooks-dev/lib/python3.10/site-packages/hvplot/converter.py:2184[0m, in [0;36mHoloViewsConverter.image[0;34m(self, x, y, z, data)[0m
[1;32m   2183[0m [38;5;28;01mif[39;00m [38;5;28mself[39m[38;5;241m.[39mgeo: params[[38;5;124m'[39m[38;5;124mcrs[39m[38;5;124m'[39m] [38;5;241m=[39m [38;5;28mself[39m[38;5;241m.[39mcrs
[0;32m-> 2184[0m [38;5;28;01mreturn[39;00m ([43melement[49m[43m([49m[43mdata[49m[43m,[49m[43m [49m[43m[[49m[43mx[49m[43m,[49m[43m [49m[43my[49m[43m][49m[43m,[49m[43m [49m[43mz[49m[43m,[49m[43m [49m[38;5;241;43m*[39;49m[38;5;241;43m*[39;49m[43mparams[49m[43m)[49m[38;5;241m.[39mredim([38;5;241m*[39m[38;5;241m*[39mredim)
[1;32m   2185[0m         [38;5;241m.[39mapply([38;5;28mself[39m[38;5;241m.[39m_set_backends_opts, cur_opts[38;5;241m=[39mcur_opts, compat_opts[38;5;241m=[39mcompat_opts))

File [0;32m/usr/share/miniconda3/envs/instrument-cookbooks-dev/lib/python3.10/site-packages/holoviews/element/raster.py:291[0m, in [0;36mImage.__init__[0;34m(self, data, kdims, vdims, bounds, extents, xdensity, ydensity, rtol, **params)[0m
[1;32m    290[0m yvals [38;5;241m=[39m [38;5;28mself[39m[38;5;241m.[39mdimension_values([38;5;241m1[39m, [38;5;28;01mFalse[39;00m)
[0;32m--> 291[0m b, t, ydensity, _ [38;5;241m=[39m [43mutil[49m[38;5;241;43m.[39;49m[43mbound_range[49m[43m([49m[43myvals[49m[43m,[49m[43m [49m[43mydensity[49m[43m,[49m[43m [49m[38;5;28;43mself[39;49m[38;5;241;43m.[39;49m[43m_time_unit[49m[43m)[49m
[1;32m    292[0m bounds [38;5;241m=[39m BoundingBox(points[38;5;241m=[39m((l, b), (r, t)))

File [0;32m/usr/share/miniconda3/envs/instrument-cookbooks-dev/lib/python3.10/site-packages/holoviews/core/util.py:2084[0m, in [0;36mbound_range[0;34m(vals, density, time_unit)[0m
[1;32m   2083[0m warnings[38;5;241m.[39mfilterwarnings([38;5;124m'[39m[38;5;124mignore[39m[38;5;124m'[39m, [38;5;124mr[39m[38;5;124m'[39m[38;5;124minvalid value encountered in (double_scalars|scalar divide)[39m[38;5;124m'[39m)
[0;32m-> 2084[0m full_precision_density [38;5;241m=[39m [43mcompute_density[49m[43m([49m[43mlow[49m[43m,[49m[43m [49m[43mhigh[49m[43m,[49m[43m [49m[38;5;28;43mlen[39;49m[43m([49m[43mvals[49m[43m)[49m[38;5;241;43m-[39;49m[38;5;241;43m1[39;49m[43m)[49m
[1;32m   2085[0m [38;5;28;01mwith[39;00m np[38;5;241m.[39merrstate(over[38;5;241m=[39m[38;5;124m'[39m[38;5;124mignore[39m[38;5;124m'[39m):

File [0;32m/usr/share/miniconda3/envs/instrument-cookbooks-dev/lib/python3.10/site-packages/holoviews/core/util.py:2115[0m, in [0;36mcompute_density[0;34m(start, end, length, time_unit)[0m
[1;32m   2114[0m [38;5;28;01mif[39;00m [38;5;28misinstance[39m(end, [38;5;28mint[39m): end [38;5;241m=[39m [38;5;28mfloat[39m(end)
[0;32m-> 2115[0m diff [38;5;241m=[39m [43mend[49m[38;5;241;43m-[39;49m[43mstart[49m
[1;32m   2116[0m [38;5;28;01mif[39;00m [38;5;28misinstance[39m(diff, timedelta_types):

[0;31mTypeError[0m: unsupported operand type(s) for -: 'str' and 'str'

During handling of the above exception, another exception occurred:

[0;31mTypeError[0m                                 Traceback (most recent call last)
Cell [0;32mIn[1], line 116[0m
[1;32m    111[0m         plots[38;5;241m.[39mappend((wxt_ds[variable][38;5;241m.[39mhvplot[38;5;241m.[39mline(label[38;5;241m=[39m[38;5;124m'[39m[38;5;124m10 Hz Data[39m[38;5;124m'[39m) [38;5;241m*[39m 
[1;32m    112[0m                      minute_ds[variable][38;5;241m.[39mhvplot[38;5;241m.[39mline(label[38;5;241m=[39m[38;5;124m'[39m[38;5;124m1 Minute Data[39m[38;5;124m'[39m))[38;5;241m.[39mopts(hooks[38;5;241m=[39m[apply_formatter]))
[1;32m    115[0m [38;5;28;01mexcept[39;00m:
[0;32m--> 116[0m     plots [38;5;241m=[39m [43mpn[49m[38;5;241;43m.[39;49m[43mRow[49m[43m([49m[43mtitle[49m[38;5;241;43m=[39;49m[38;5;124;43m'[39;49m[38;5;124;43mNo Data Available[39;49m[38;5;124;43m'[39;49m[43m)[49m

File [0;32m/usr/share/miniconda3/envs/instrument-cookbooks-dev/lib/python3.10/site-packages/panel/layout/base.py:808[0m, in [0;36mListPanel.__init__[0;34m(self, *objects, **params)[0m
[1;32m    806[0m     [38;5;28;01mif[39;00m [38;5;129;01mnot[39;00m resolve_ref(objects) [38;5;129;01mor[39;00m iscoroutinefunction(objects):
[1;32m    807[0m         params[[38;5;124m'[39m[38;5;124mobjects[39m[38;5;124m'[39m] [38;5;241m=[39m [panel(pane) [38;5;28;01mfor[39;00m pane [38;5;129;01min[39;00m objects]
[0;32m--> 808[0m [38;5;28;43msuper[39;49m[43m([49m[43mPanel[49m[43m,[49m[43m [49m[38;5;28;43mself[39;49m[43m)[49m[38;5;241;43m.[39;49m[38;5;21;43m__init__[39;49m[43m([49m[38;5;241;43m*[39;49m[38;5;241;43m*[39;49m[43mparams[49m[43m)[49m

File [0;32m/usr/share/miniconda3/envs/instrument-cookbooks-dev/lib/python3.10/site-packages/panel/reactive.py:556[0m, in [0;36mReactive.__init__[0;34m(self, refs, **params)[0m
[1;32m    554[0m     [38;5;28;01mif[39;00m refs:
[1;32m    555[0m         param[38;5;241m.[39mbind([38;5;28mself[39m[38;5;241m.[39m_sync_refs, [38;5;241m*[39mrefs, watch[38;5;241m=[39m[38;5;28;01mTrue[39;00m)
[0;32m--> 556[0m [38;5;28;43msuper[39;49m[43m([49m[43m)[49m[38;5;241;43m.[39;49m[38;5;21;43m__init__[39;49m[43m([49m[38;5;241;43m*[39;49m[38;5;241;43m*[39;49m[43mparams[49m[43m)[49m

File [0;32m/usr/share/miniconda3/envs/instrument-cookbooks-dev/lib/python3.10/site-packages/panel/reactive.py:118[0m, in [0;36mSyncable.__init__[0;34m(self, **params)[0m
[1;32m    116[0m [38;5;28;01mdef[39;00m [38;5;21m__init__[39m([38;5;28mself[39m, [38;5;241m*[39m[38;5;241m*[39mparams):
[1;32m    117[0m     [38;5;28mself[39m[38;5;241m.[39m_themer [38;5;241m=[39m [38;5;28;01mNone[39;00m
[0;32m--> 118[0m     [38;5;28;43msuper[39;49m[43m([49m[43m)[49m[38;5;241;43m.[39;49m[38;5;21;43m__init__[39;49m[43m([49m[38;5;241;43m*[39;49m[38;5;241;43m*[39;49m[43mparams[49m[43m)[49m
[1;32m    120[0m     [38;5;66;03m# Useful when updating model properties which trigger potentially[39;00m
[1;32m    121[0m     [38;5;66;03m# recursive events[39;00m
[1;32m    122[0m     [38;5;28mself[39m[38;5;241m.[39m_updating [38;5;241m=[39m [38;5;28;01mFalse[39;00m

File [0;32m/usr/share/miniconda3/envs/instrument-cookbooks-dev/lib/python3.10/site-packages/panel/viewable.py:694[0m, in [0;36mViewable.__init__[0;34m(self, **params)[0m
[1;32m    692[0m [38;5;28;01mdef[39;00m [38;5;21m__init__[39m([38;5;28mself[39m, [38;5;241m*[39m[38;5;241m*[39mparams):
[1;32m    693[0m     hooks [38;5;241m=[39m params[38;5;241m.[39mpop([38;5;124m'[39m[38;5;124mhooks[39m[38;5;124m'[39m, [])
[0;32m--> 694[0m     [38;5;28;43msuper[39;49m[43m([49m[43m)[49m[38;5;241;43m.[39;49m[38;5;21;43m__init__[39;49m[43m([49m[38;5;241;43m*[39;49m[38;5;241;43m*[39;49m[43mparams[49m[43m)[49m
[1;32m    695[0m     [38;5;28mself[39m[38;5;241m.[39m_hooks [38;5;241m=[39m hooks
[1;32m    697[0m     [38;5;28mself[39m[38;5;241m.[39m_update_loading()

File [0;32m/usr/share/miniconda3/envs/instrument-cookbooks-dev/lib/python3.10/site-packages/panel/viewable.py:532[0m, in [0;36mRenderable.__init__[0;34m(self, **params)[0m
[1;32m    530[0m [38;5;28mself[39m[38;5;241m.[39m_comms [38;5;241m=[39m {}
[1;32m    531[0m [38;5;28mself[39m[38;5;241m.[39m_kernels [38;5;241m=[39m {}
[0;32m--> 532[0m [38;5;28;43msuper[39;49m[43m([49m[43m)[49m[38;5;241;43m.[39;49m[38;5;21;43m__init__[39;49m[43m([49m[38;5;241;43m*[39;49m[38;5;241;43m*[39;49m[43mparams[49m[43m)[49m
[1;32m    533[0m [38;5;28mself[39m[38;5;241m.[39m_found_links [38;5;241m=[39m [38;5;28mset[39m()
[1;32m    534[0m [38;5;28mself[39m[38;5;241m.[39m_logger [38;5;241m=[39m logging[38;5;241m.[39mgetLogger([38;5;124mf[39m[38;5;124m'[39m[38;5;132;01m{[39;00m[38;5;18m__name__[39m[38;5;132;01m}[39;00m[38;5;124m.[39m[38;5;132;01m{[39;00m[38;5;28mtype[39m([38;5;28mself[39m)[38;5;241m.[39m[38;5;18m__name__[39m[38;5;132;01m}[39;00m[38;5;124m'[39m)

File [0;32m/usr/share/miniconda3/envs/instrument-cookbooks-dev/lib/python3.10/site-packages/panel/viewable.py:298[0m, in [0;36mLayoutable.__init__[0;34m(self, **params)[0m
[1;32m    296[0m [38;5;28;01mif[39;00m [38;5;124m'[39m[38;5;124mdesign[39m[38;5;124m'[39m [38;5;129;01mnot[39;00m [38;5;129;01min[39;00m params [38;5;129;01mand[39;00m [38;5;28mself[39m[38;5;241m.[39mparam[38;5;241m.[39mdesign[38;5;241m.[39mdefault [38;5;129;01mis[39;00m [38;5;28;01mNone[39;00m:
[1;32m    297[0m     params[[38;5;124m'[39m[38;5;124mdesign[39m[38;5;124m'[39m] [38;5;241m=[39m config[38;5;241m.[39mdesign
[0;32m--> 298[0m [38;5;28;43msuper[39;49m[43m([49m[43m)[49m[38;5;241;43m.[39;49m[38;5;21;43m__init__[39;49m[43m([49m[38;5;241;43m*[39;49m[38;5;241;43m*[39;49m[43mparams[49m[43m)[49m

File [0;32m/usr/share/miniconda3/envs/instrument-cookbooks-dev/lib/python3.10/site-packages/param/parameterized.py:4148[0m, in [0;36mParameterized.__init__[0;34m(self, **params)[0m
[1;32m   4146[0m [38;5;28;01mif[39;00m [38;5;28mself[39m[38;5;241m.[39mparam[38;5;241m.[39mname[38;5;241m.[39mdefault [38;5;241m==[39m [38;5;28mself[39m[38;5;241m.[39m[38;5;18m__class__[39m[38;5;241m.[39m[38;5;18m__name__[39m:
[1;32m   4147[0m     [38;5;28mself[39m[38;5;241m.[39mparam[38;5;241m.[39m_generate_name()
[0;32m-> 4148[0m refs, deps [38;5;241m=[39m [38;5;28;43mself[39;49m[38;5;241;43m.[39;49m[43mparam[49m[38;5;241;43m.[39;49m[43m_setup_params[49m[43m([49m[38;5;241;43m*[39;49m[38;5;241;43m*[39;49m[43mparams[49m[43m)[49m
[1;32m   4149[0m object_count [38;5;241m+[39m[38;5;241m=[39m [38;5;241m1[39m
[1;32m   4151[0m [38;5;28mself[39m[38;5;241m.[39m_param__private[38;5;241m.[39minitialized [38;5;241m=[39m [38;5;28;01mTrue[39;00m

File [0;32m/usr/share/miniconda3/envs/instrument-cookbooks-dev/lib/python3.10/site-packages/param/parameterized.py:1678[0m, in [0;36mas_uninitialized.<locals>.override_initialization[0;34m(self_, *args, **kw)[0m
[1;32m   1676[0m original_initialized [38;5;241m=[39m parameterized_instance[38;5;241m.[39m_param__private[38;5;241m.[39minitialized
[1;32m   1677[0m parameterized_instance[38;5;241m.[39m_param__private[38;5;241m.[39minitialized [38;5;241m=[39m [38;5;28;01mFalse[39;00m
[0;32m-> 1678[0m ret [38;5;241m=[39m [43mfn[49m[43m([49m[43mself_[49m[43m,[49m[43m [49m[38;5;241;43m*[39;49m[43margs[49m[43m,[49m[43m [49m[38;5;241;43m*[39;49m[38;5;241;43m*[39;49m[43mkw[49m[43m)[49m
[1;32m   1679[0m parameterized_instance[38;5;241m.[39m_param__private[38;5;241m.[39minitialized [38;5;241m=[39m original_initialized
[1;32m   1680[0m [38;5;28;01mreturn[39;00m ret

File [0;32m/usr/share/miniconda3/envs/instrument-cookbooks-dev/lib/python3.10/site-packages/param/parameterized.py:1934[0m, in [0;36mParameters._setup_params[0;34m(self_, **params)[0m
[1;32m   1932[0m desc [38;5;241m=[39m self_[38;5;241m.[39mcls[38;5;241m.[39mget_param_descriptor(name)[[38;5;241m0[39m] [38;5;66;03m# pylint: disable-msg=E1101[39;00m
[1;32m   1933[0m [38;5;28;01mif[39;00m [38;5;129;01mnot[39;00m desc:
[0;32m-> 1934[0m     [38;5;28;01mraise[39;00m [38;5;167;01mTypeError[39;00m(
[1;32m   1935[0m         [38;5;124mf[39m[38;5;124m"[39m[38;5;132;01m{[39;00m[38;5;28mself[39m[38;5;241m.[39m[38;5;18m__class__[39m[38;5;241m.[39m[38;5;18m__name__[39m[38;5;132;01m}[39;00m[38;5;124m.__init__() got an unexpected [39m[38;5;124m"[39m
[1;32m   1936[0m         [38;5;124mf[39m[38;5;124m"[39m[38;5;124mkeyword argument [39m[38;5;132;01m{[39;00mname[38;5;132;01m!r}[39;00m[38;5;124m"[39m
[1;32m   1937[0m     )
[1;32m   1939[0m pobj [38;5;241m=[39m objects[38;5;241m.[39mget(name)
[1;32m   1940[0m [38;5;28;01mif[39;00m pobj [38;5;129;01mis[39;00m [38;5;28;01mNone[39;00m [38;5;129;01mor[39;00m [38;5;129;01mnot[39;00m pobj[38;5;241m.[39mallow_refs:
[1;32m   1941[0m     [38;5;66;03m# Until Parameter.allow_refs=True by default we have to[39;00m
[1;32m   1942[0m     [38;5;66;03m# speculatively evaluate a values to check whether they[39;00m
[1;32m   1943[0m     [38;5;66;03m# contain a reference and warn the user that the[39;00m
[1;32m   1944[0m     [38;5;66;03m# behavior may change in future.[39;00m

[0;31mTypeError[0m: Row.__init__() got an unexpected keyword argument 'title'

